# JRE version: OpenJDK Runtime Environment (8.0_212) (build 1.8.0_212-release-1586-b4-5784211)
# Java VM: OpenJDK 64-Bit Server VM (25.212-b4-5784211 mixed mode bsd-amd64 compressed oops)
Heap:
 PSYoungGen      total 124416K, used 105860K [0x00000007e5d80000, 0x00000007f0800000, 0x00000007f0800000)
  eden space 79360K, 93% used [0x00000007e5d80000,0x00000007ea637460,0x00000007eab00000)
  from space 45056K, 69% used [0x00000007edc00000,0x00000007efaa9e48,0x00000007f0800000)
  to   space 47616K, 0% used [0x00000007eab00000,0x00000007eab00000,0x00000007ed980000)
 ParOldGen       total 349696K, used 293224K [0x00000007d0800000, 0x00000007e5d80000, 0x00000007e5d80000)
  object space 349696K, 83% used [0x00000007d0800000,0x00000007e265a380,0x00000007e5d80000)
 Metaspace       used 111285K, capacity 119386K, committed 119592K, reserved 1153024K
  class space    used 14376K, capacity 16349K, committed 16424K, reserved 1048576K
GC Heap History (10 events):
Event: 208.574 GC heap before
{Heap before GC invocations=93 (full 5):
 PSYoungGen      total 154624K, used 140800K [0x00000007e5d80000, 0x00000007f0800000, 0x00000007f0800000)
  eden space 140800K, 100% used [0x00000007e5d80000,0x00000007ee700000,0x00000007ee700000)
  from space 13824K, 0% used [0x00000007efa80000,0x00000007efa80000,0x00000007f0800000)
  to   space 16896K, 0% used [0x00000007ee700000,0x00000007ee700000,0x00000007ef780000)
 ParOldGen       total 349696K, used 265063K [0x00000007d0800000, 0x00000007e5d80000, 0x00000007e5d80000)
  object space 349696K, 75% used [0x00000007d0800000,0x00000007e0ad9e78,0x00000007e5d80000)
 Metaspace       used 111215K, capacity 119382K, committed 119592K, reserved 1153024K
  class space    used 14377K, capacity 16351K, committed 16424K, reserved 1048576K
Event: 208.704 GC heap after
Heap after GC invocations=93 (full 5):
 PSYoungGen      total 157696K, used 16864K [0x00000007e5d80000, 0x00000007f0800000, 0x00000007f0800000)
  eden space 140800K, 0% used [0x00000007e5d80000,0x00000007e5d80000,0x00000007ee700000)
  from space 16896K, 99% used [0x00000007ee700000,0x00000007ef778340,0x00000007ef780000)
  to   space 16896K, 0% used [0x00000007ef780000,0x00000007ef780000,0x00000007f0800000)
 ParOldGen       total 349696K, used 281840K [0x00000007d0800000, 0x00000007e5d80000, 0x00000007e5d80000)
  object space 349696K, 80% used [0x00000007d0800000,0x00000007e1b3c090,0x00000007e5d80000)
 Metaspace       used 111215K, capacity 119382K, committed 119592K, reserved 1153024K
  class space    used 14377K, capacity 16351K, committed 16424K, reserved 1048576K
}
Event: 209.946 GC heap before
{Heap before GC invocations=94 (full 5):
 PSYoungGen      total 157696K, used 157664K [0x00000007e5d80000, 0x00000007f0800000, 0x00000007f0800000)
  eden space 140800K, 100% used [0x00000007e5d80000,0x00000007ee700000,0x00000007ee700000)
  from space 16896K, 99% used [0x00000007ee700000,0x00000007ef778340,0x00000007ef780000)
  to   space 16896K, 0% used [0x00000007ef780000,0x00000007ef780000,0x00000007f0800000)
 ParOldGen       total 349696K, used 281840K [0x00000007d0800000, 0x00000007e5d80000, 0x00000007e5d80000)
  object space 349696K, 80% used [0x00000007d0800000,0x00000007e1b3c090,0x00000007e5d80000)
 Metaspace       used 111242K, capacity 119394K, committed 119592K, reserved 1153024K
  class space    used 14377K, capacity 16351K, committed 16424K, reserved 1048576K
Event: 210.238 GC heap after
Heap after GC invocations=94 (full 5):
 PSYoungGen      total 104448K, used 16880K [0x00000007e5d80000, 0x00000007f0800000, 0x00000007f0800000)
  eden space 87552K, 0% used [0x00000007e5d80000,0x00000007e5d80000,0x00000007eb300000)
  from space 16896K, 99% used [0x00000007ef780000,0x00000007f07fc228,0x00000007f0800000)
  to   space 43520K, 0% used [0x00000007eb300000,0x00000007eb300000,0x00000007edd80000)
 ParOldGen       total 349696K, used 326983K [0x00000007d0800000, 0x00000007e5d80000, 0x00000007e5d80000)
  object space 349696K, 93% used [0x00000007d0800000,0x00000007e4751d78,0x00000007e5d80000)
 Metaspace       used 111242K, capacity 119394K, committed 119592K, reserved 1153024K
  class space    used 14377K, capacity 16351K, committed 16424K, reserved 1048576K
}
Event: 210.238 GC heap before
{Heap before GC invocations=95 (full 6):
 PSYoungGen      total 104448K, used 16880K [0x00000007e5d80000, 0x00000007f0800000, 0x00000007f0800000)
  eden space 87552K, 0% used [0x00000007e5d80000,0x00000007e5d80000,0x00000007eb300000)
  from space 16896K, 99% used [0x00000007ef780000,0x00000007f07fc228,0x00000007f0800000)
  to   space 43520K, 0% used [0x00000007eb300000,0x00000007eb300000,0x00000007edd80000)
 ParOldGen       total 349696K, used 326983K [0x00000007d0800000, 0x00000007e5d80000, 0x00000007e5d80000)
  object space 349696K, 93% used [0x00000007d0800000,0x00000007e4751d78,0x00000007e5d80000)
 Metaspace       used 111242K, capacity 119394K, committed 119592K, reserved 1153024K
  class space    used 14377K, capacity 16351K, committed 16424K, reserved 1048576K
Event: 213.294 GC heap after
Heap after GC invocations=95 (full 6):
 PSYoungGen      total 104448K, used 0K [0x00000007e5d80000, 0x00000007f0800000, 0x00000007f0800000)
  eden space 87552K, 0% used [0x00000007e5d80000,0x00000007e5d80000,0x00000007eb300000)
  from space 16896K, 0% used [0x00000007ef780000,0x00000007ef780000,0x00000007f0800000)
  to   space 43520K, 0% used [0x00000007eb300000,0x00000007eb300000,0x00000007edd80000)
 ParOldGen       total 349696K, used 293224K [0x00000007d0800000, 0x00000007e5d80000, 0x00000007e5d80000)
  object space 349696K, 83% used [0x00000007d0800000,0x00000007e265a380,0x00000007e5d80000)
 Metaspace       used 111239K, capacity 119386K, committed 119592K, reserved 1153024K
  class space    used 14376K, capacity 16349K, committed 16424K, reserved 1048576K
}
Event: 214.119 GC heap before
{Heap before GC invocations=96 (full 6):
 PSYoungGen      total 104448K, used 87552K [0x00000007e5d80000, 0x00000007f0800000, 0x00000007f0800000)
  eden space 87552K, 100% used [0x00000007e5d80000,0x00000007eb300000,0x00000007eb300000)
  from space 16896K, 0% used [0x00000007ef780000,0x00000007ef780000,0x00000007f0800000)
  to   space 43520K, 0% used [0x00000007eb300000,0x00000007eb300000,0x00000007edd80000)
 ParOldGen       total 349696K, used 293224K [0x00000007d0800000, 0x00000007e5d80000, 0x00000007e5d80000)
  object space 349696K, 83% used [0x00000007d0800000,0x00000007e265a380,0x00000007e5d80000)
 Metaspace       used 111272K, capacity 119386K, committed 119592K, reserved 1153024K
  class space    used 14376K, capacity 16349K, committed 16424K, reserved 1048576K
Event: 214.222 GC heap after
Heap after GC invocations=96 (full 6):
 PSYoungGen      total 114176K, used 26250K [0x00000007e5d80000, 0x00000007f0800000, 0x00000007f0800000)
  eden space 87552K, 0% used [0x00000007e5d80000,0x00000007e5d80000,0x00000007eb300000)
  from space 26624K, 98% used [0x00000007eb300000,0x00000007ecca2990,0x00000007ecd00000)
  to   space 45056K, 0% used [0x00000007edc00000,0x00000007edc00000,0x00000007f0800000)
 ParOldGen       total 349696K, used 293224K [0x00000007d0800000, 0x00000007e5d80000, 0x00000007e5d80000)
  object space 349696K, 83% used [0x00000007d0800000,0x00000007e265a380,0x00000007e5d80000)
 Metaspace       used 111272K, capacity 119386K, committed 119592K, reserved 1153024K
  class space    used 14376K, capacity 16349K, committed 16424K, reserved 1048576K
}
Event: 214.967 GC heap before
{Heap before GC invocations=97 (full 6):
 PSYoungGen      total 114176K, used 113802K [0x00000007e5d80000, 0x00000007f0800000, 0x00000007f0800000)
  eden space 87552K, 100% used [0x00000007e5d80000,0x00000007eb300000,0x00000007eb300000)
  from space 26624K, 98% used [0x00000007eb300000,0x00000007ecca2990,0x00000007ecd00000)
  to   space 45056K, 0% used [0x00000007edc00000,0x00000007edc00000,0x00000007f0800000)
 ParOldGen       total 349696K, used 293224K [0x00000007d0800000, 0x00000007e5d80000, 0x00000007e5d80000)
  object space 349696K, 83% used [0x00000007d0800000,0x00000007e265a380,0x00000007e5d80000)
 Metaspace       used 111279K, capacity 119386K, committed 119592K, reserved 1153024K
  class space    used 14376K, capacity 16349K, committed 16424K, reserved 1048576K
Event: 215.072 GC heap after
Heap after GC invocations=97 (full 6):
 PSYoungGen      total 124416K, used 31399K [0x00000007e5d80000, 0x00000007f0800000, 0x00000007f0800000)
  eden space 79360K, 0% used [0x00000007e5d80000,0x00000007e5d80000,0x00000007eab00000)
  from space 45056K, 69% used [0x00000007edc00000,0x00000007efaa9e48,0x00000007f0800000)
  to   space 47616K, 0% used [0x00000007eab00000,0x00000007eab00000,0x00000007ed980000)
 ParOldGen       total 349696K, used 293224K [0x00000007d0800000, 0x00000007e5d80000, 0x00000007e5d80000)
  object space 349696K, 83% used [0x00000007d0800000,0x00000007e265a380,0x00000007e5d80000)
 Metaspace       used 111279K, capacity 119386K, committed 119592K, reserved 1153024K
  class space    used 14376K, capacity 16349K, committed 16424K, reserved 1048576K
}

