# JRE version: OpenJDK Runtime Environment (8.0_212) (build 1.8.0_212-release-1586-b4-5784211)
# Java VM: OpenJDK 64-Bit Server VM (25.212-b4-5784211 mixed mode bsd-amd64 compressed oops)
Heap:
 PSYoungGen      total 153600K, used 20754K [0x00000007e5d80000, 0x00000007f0700000, 0x00000007f0800000)
  eden space 134656K, 15% used [0x00000007e5d80000,0x00000007e71c4a38,0x00000007ee100000)
  from space 18944K, 0% used [0x00000007ef480000,0x00000007ef480000,0x00000007f0700000)
  to   space 19456K, 0% used [0x00000007ee100000,0x00000007ee100000,0x00000007ef400000)
 ParOldGen       total 349696K, used 131640K [0x00000007d0800000, 0x00000007e5d80000, 0x00000007e5d80000)
  object space 349696K, 37% used [0x00000007d0800000,0x00000007d888e210,0x00000007e5d80000)
 Metaspace       used 93076K, capacity 100490K, committed 100776K, reserved 1136640K
  class space    used 12312K, capacity 14171K, committed 14248K, reserved 1048576K
GC Heap History (10 events):
Event: 160.680 GC heap before
{Heap before GC invocations=28 (full 3):
 PSYoungGen      total 153600K, used 141616K [0x00000007e5d80000, 0x00000007f0780000, 0x00000007f0800000)
  eden space 133632K, 100% used [0x00000007e5d80000,0x00000007ee000000,0x00000007ee000000)
  from space 19968K, 39% used [0x00000007ef380000,0x00000007efb4c2c0,0x00000007f0700000)
  to   space 19968K, 0% used [0x00000007ee000000,0x00000007ee000000,0x00000007ef380000)
 ParOldGen       total 210432K, used 136940K [0x00000007d0800000, 0x00000007dd580000, 0x00000007e5d80000)
  object space 210432K, 65% used [0x00000007d0800000,0x00000007d8dbb148,0x00000007dd580000)
 Metaspace       used 86950K, capacity 94202K, committed 94248K, reserved 1130496K
  class space    used 11753K, capacity 13575K, committed 13608K, reserved 1048576K
Event: 160.700 GC heap after
Heap after GC invocations=28 (full 3):
 PSYoungGen      total 153600K, used 8481K [0x00000007e5d80000, 0x00000007f0700000, 0x00000007f0800000)
  eden space 133632K, 0% used [0x00000007e5d80000,0x00000007e5d80000,0x00000007ee000000)
  from space 19968K, 42% used [0x00000007ee000000,0x00000007ee848428,0x00000007ef380000)
  to   space 19456K, 0% used [0x00000007ef400000,0x00000007ef400000,0x00000007f0700000)
 ParOldGen       total 210432K, used 137588K [0x00000007d0800000, 0x00000007dd580000, 0x00000007e5d80000)
  object space 210432K, 65% used [0x00000007d0800000,0x00000007d8e5d158,0x00000007dd580000)
 Metaspace       used 86950K, capacity 94202K, committed 94248K, reserved 1130496K
  class space    used 11753K, capacity 13575K, committed 13608K, reserved 1048576K
}
Event: 162.063 GC heap before
{Heap before GC invocations=29 (full 3):
 PSYoungGen      total 153600K, used 142113K [0x00000007e5d80000, 0x00000007f0700000, 0x00000007f0800000)
  eden space 133632K, 100% used [0x00000007e5d80000,0x00000007ee000000,0x00000007ee000000)
  from space 19968K, 42% used [0x00000007ee000000,0x00000007ee848428,0x00000007ef380000)
  to   space 19456K, 0% used [0x00000007ef400000,0x00000007ef400000,0x00000007f0700000)
 ParOldGen       total 210432K, used 137588K [0x00000007d0800000, 0x00000007dd580000, 0x00000007e5d80000)
  object space 210432K, 65% used [0x00000007d0800000,0x00000007d8e5d158,0x00000007dd580000)
 Metaspace       used 87009K, capacity 94270K, committed 94504K, reserved 1130496K
  class space    used 11753K, capacity 13575K, committed 13608K, reserved 1048576K
Event: 162.094 GC heap after
Heap after GC invocations=29 (full 3):
 PSYoungGen      total 153600K, used 4864K [0x00000007e5d80000, 0x00000007f0800000, 0x00000007f0800000)
  eden space 134144K, 0% used [0x00000007e5d80000,0x00000007e5d80000,0x00000007ee080000)
  from space 19456K, 25% used [0x00000007ef400000,0x00000007ef8c0020,0x00000007f0700000)
  to   space 19968K, 0% used [0x00000007ee080000,0x00000007ee080000,0x00000007ef400000)
 ParOldGen       total 210432K, used 138572K [0x00000007d0800000, 0x00000007dd580000, 0x00000007e5d80000)
  object space 210432K, 65% used [0x00000007d0800000,0x00000007d8f53168,0x00000007dd580000)
 Metaspace       used 87009K, capacity 94270K, committed 94504K, reserved 1130496K
  class space    used 11753K, capacity 13575K, committed 13608K, reserved 1048576K
}
Event: 205.439 GC heap before
{Heap before GC invocations=30 (full 3):
 PSYoungGen      total 153600K, used 139008K [0x00000007e5d80000, 0x00000007f0800000, 0x00000007f0800000)
  eden space 134144K, 100% used [0x00000007e5d80000,0x00000007ee080000,0x00000007ee080000)
  from space 19456K, 25% used [0x00000007ef400000,0x00000007ef8c0020,0x00000007f0700000)
  to   space 19968K, 0% used [0x00000007ee080000,0x00000007ee080000,0x00000007ef400000)
 ParOldGen       total 210432K, used 138572K [0x00000007d0800000, 0x00000007dd580000, 0x00000007e5d80000)
  object space 210432K, 65% used [0x00000007d0800000,0x00000007d8f53168,0x00000007dd580000)
 Metaspace       used 87757K, capacity 95110K, committed 95400K, reserved 1130496K
  class space    used 11822K, capacity 13661K, committed 13736K, reserved 1048576K
Event: 205.548 GC heap after
Heap after GC invocations=30 (full 3):
 PSYoungGen      total 154112K, used 6691K [0x00000007e5d80000, 0x00000007f0800000, 0x00000007f0800000)
  eden space 134144K, 0% used [0x00000007e5d80000,0x00000007e5d80000,0x00000007ee080000)
  from space 19968K, 33% used [0x00000007ee080000,0x00000007ee708ee0,0x00000007ef400000)
  to   space 19968K, 0% used [0x00000007ef480000,0x00000007ef480000,0x00000007f0800000)
 ParOldGen       total 210432K, used 140676K [0x00000007d0800000, 0x00000007dd580000, 0x00000007e5d80000)
  object space 210432K, 66% used [0x00000007d0800000,0x00000007d91611b8,0x00000007dd580000)
 Metaspace       used 87757K, capacity 95110K, committed 95400K, reserved 1130496K
  class space    used 11822K, capacity 13661K, committed 13736K, reserved 1048576K
}
Event: 355.876 GC heap before
{Heap before GC invocations=31 (full 3):
 PSYoungGen      total 154112K, used 58624K [0x00000007e5d80000, 0x00000007f0800000, 0x00000007f0800000)
  eden space 134144K, 38% used [0x00000007e5d80000,0x00000007e90371f8,0x00000007ee080000)
  from space 19968K, 33% used [0x00000007ee080000,0x00000007ee708ee0,0x00000007ef400000)
  to   space 19968K, 0% used [0x00000007ef480000,0x00000007ef480000,0x00000007f0800000)
 ParOldGen       total 210432K, used 140676K [0x00000007d0800000, 0x00000007dd580000, 0x00000007e5d80000)
  object space 210432K, 66% used [0x00000007d0800000,0x00000007d91611b8,0x00000007dd580000)
 Metaspace       used 91006K, capacity 98514K, committed 98600K, reserved 1134592K
  class space    used 12080K, capacity 13969K, committed 13992K, reserved 1048576K
Event: 355.938 GC heap after
Heap after GC invocations=31 (full 3):
 PSYoungGen      total 153600K, used 11499K [0x00000007e5d80000, 0x00000007f0700000, 0x00000007f0800000)
  eden space 134656K, 0% used [0x00000007e5d80000,0x00000007e5d80000,0x00000007ee100000)
  from space 18944K, 60% used [0x00000007ef480000,0x00000007effbafc0,0x00000007f0700000)
  to   space 19456K, 0% used [0x00000007ee100000,0x00000007ee100000,0x00000007ef400000)
 ParOldGen       total 210432K, used 140684K [0x00000007d0800000, 0x00000007dd580000, 0x00000007e5d80000)
  object space 210432K, 66% used [0x00000007d0800000,0x00000007d91631b8,0x00000007dd580000)
 Metaspace       used 91006K, capacity 98514K, committed 98600K, reserved 1134592K
  class space    used 12080K, capacity 13969K, committed 13992K, reserved 1048576K
}
Event: 355.938 GC heap before
{Heap before GC invocations=32 (full 4):
 PSYoungGen      total 153600K, used 11499K [0x00000007e5d80000, 0x00000007f0700000, 0x00000007f0800000)
  eden space 134656K, 0% used [0x00000007e5d80000,0x00000007e5d80000,0x00000007ee100000)
  from space 18944K, 60% used [0x00000007ef480000,0x00000007effbafc0,0x00000007f0700000)
  to   space 19456K, 0% used [0x00000007ee100000,0x00000007ee100000,0x00000007ef400000)
 ParOldGen       total 210432K, used 140684K [0x00000007d0800000, 0x00000007dd580000, 0x00000007e5d80000)
  object space 210432K, 66% used [0x00000007d0800000,0x00000007d91631b8,0x00000007dd580000)
 Metaspace       used 91006K, capacity 98514K, committed 98600K, reserved 1134592K
  class space    used 12080K, capacity 13969K, committed 13992K, reserved 1048576K
Event: 359.602 GC heap after
Heap after GC invocations=32 (full 4):
 PSYoungGen      total 153600K, used 0K [0x00000007e5d80000, 0x00000007f0700000, 0x00000007f0800000)
  eden space 134656K, 0% used [0x00000007e5d80000,0x00000007e5d80000,0x00000007ee100000)
  from space 18944K, 0% used [0x00000007ef480000,0x00000007ef480000,0x00000007f0700000)
  to   space 19456K, 0% used [0x00000007ee100000,0x00000007ee100000,0x00000007ef400000)
 ParOldGen       total 349696K, used 131640K [0x00000007d0800000, 0x00000007e5d80000, 0x00000007e5d80000)
  object space 349696K, 37% used [0x00000007d0800000,0x00000007d888e210,0x00000007e5d80000)
 Metaspace       used 90896K, capacity 98276K, committed 98600K, reserved 1134592K
  class space    used 12051K, capacity 13906K, committed 13992K, reserved 1048576K
}

